Removing compiler version 2022.2.1
Use `module list` to view any remaining dependent modules.
Removing compiler-rt version 2022.2.1
Use `module list` to view any remaining dependent modules.
Removing advisor version 2022.3.1
Use `module list` to view any remaining dependent modules.
Removing ccl version 2021.7.1
Use `module list` to view any remaining dependent modules.
Removing dal version 2021.7.1
Use `module list` to view any remaining dependent modules.
Removing debugger version 2021.7.1
Use `module list` to view any remaining dependent modules.
Removing dnnl version 2022.2.1
Use `module list` to view any remaining dependent modules.
Removing mkl version 2022.2.1
Use `module list` to view any remaining dependent modules.
Removing mpi version 2021.7.1
Use `module list` to view any remaining dependent modules.
Removing tbb version 2021.7.1
Use `module list` to view any remaining dependent modules.
Removing vtune version 2022.4.1
Use `module list` to view any remaining dependent modules.
Removing itac version 2021.7.1
Use `module list` to view any remaining dependent modules.
Removing inspector version 2022.3.1
Use `module list` to view any remaining dependent modules.
Removing dpl version 2021.7.2
Use `module list` to view any remaining dependent modules.
Removing oclfpga version 2022.2.1
Use `module list` to view any remaining dependent modules.
Loading compiler version 2022.2.1
Loading tbb version 2021.7.1
Loading compiler-rt version 2022.2.1
Loading oclfpga version 2022.2.1
  Load "debugger" to debug DPC++ applications with the gdb-oneapi debugger.
  Load "dpl" for additional DPC++ APIs: https://github.com/oneapi-src/oneDPL
Removing compiler-rt version 2022.2.1
Use `module list` to view any remaining dependent modules.
Loading compiler-rt version 2022.2.1
Loading advisor version 2022.3.1
Loading ccl version 2021.7.1
Loading dal version 2021.7.1
Loading debugger version 2021.7.1
Loading dnnl version 2022.2.1
Loading mkl version 2022.2.1
Loading mpi version 2021.7.1
Removing tbb version 2021.7.1
Use `module list` to view any remaining dependent modules.
Loading tbb version 2021.7.1
Loading vtune version 2022.4.1
Loading itac version 2021.7.1
Loading inspector version 2022.3.1
Loading dpl version 2021.7.2
